2023-05-25 18:53:48,473 - __main__ - INFO - Retrieving BTC-USD
2023-05-25 18:53:48,473 - __main__ - INFO - Retrieving BTC-USD
2023-05-25 18:53:52,110 - __main__ - INFO - Retrieving BTC-USD
2023-05-25 18:53:52,110 - __main__ - INFO - Retrieving BTC-USD
2023-05-25 18:54:07,154 - __main__ - INFO - Retrieving BTC-USD
2023-05-25 18:54:07,154 - __main__ - INFO - Retrieving BTC-USD
2023-05-25 18:54:26,809 - __main__ - INFO - Retrieving BTC-USD
2023-05-25 18:54:26,809 - __main__ - INFO - Retrieving BTC-USD
2023-05-25 18:54:35,925 - __main__ - INFO - Retrieving BTC-USD
2023-05-25 18:54:35,925 - __main__ - INFO - Retrieving BTC-USD
2023-05-25 18:54:43,365 - __main__ - INFO - Retrieving BTC-USD
2023-05-25 18:54:43,365 - __main__ - INFO - Retrieving BTC-USD
2023-05-25 18:54:50,022 - __main__ - INFO - Retrieving BTC-USD
2023-05-25 18:54:50,022 - __main__ - INFO - Retrieving BTC-USD
2023-05-25 18:55:04,480 - __main__ - INFO - Retrieving BTC-USD
2023-05-25 18:55:04,480 - __main__ - INFO - Retrieving BTC-USD
2023-05-25 19:35:00,973 - __main__ - INFO - Retrieving BTC-USD
2023-05-25 19:35:00,973 - __main__ - INFO - Retrieving BTC-USD
2023-05-25 19:35:00,973 - __main__ - INFO - Retrieving BTC-USD
2023-05-25 19:35:00,974 - __main__ - INFO - Retrieving BTC-USD
2023-05-25 19:35:00,974 - __main__ - INFO - Retrieving BTC-USD
2023-05-25 19:35:00,974 - __main__ - INFO - Retrieving BTC-USD
2023-05-25 19:35:00,974 - __main__ - INFO - Retrieving BTC-USD
2023-05-25 19:35:00,974 - __main__ - INFO - Retrieving BTC-USD
2023-05-25 19:35:00,974 - __main__ - INFO - Retrieving BTC-USD
2023-05-25 19:35:00,975 - __main__ - INFO - Retrieving ETH-USD
2023-05-25 19:35:00,975 - __main__ - INFO - Retrieving ETH-USD
2023-05-25 19:35:00,975 - __main__ - INFO - Retrieving ETH-USD
2023-05-25 19:35:00,975 - __main__ - INFO - Retrieving ETH-USD
2023-05-25 19:35:00,975 - __main__ - INFO - Retrieving ETH-USD
2023-05-25 19:35:00,975 - __main__ - INFO - Retrieving ETH-USD
2023-05-25 19:35:00,975 - __main__ - INFO - Retrieving ETH-USD
2023-05-25 19:35:00,975 - __main__ - INFO - Retrieving ETH-USD
2023-05-25 19:35:00,975 - __main__ - INFO - Retrieving ETH-USD
2023-05-25 19:35:09,974 - __main__ - INFO - Retrieving BTC-USD
2023-05-25 19:35:09,974 - __main__ - INFO - Retrieving BTC-USD
2023-05-25 19:35:09,974 - __main__ - INFO - Retrieving BTC-USD
2023-05-25 19:35:09,974 - __main__ - INFO - Retrieving BTC-USD
2023-05-25 19:35:09,974 - __main__ - INFO - Retrieving BTC-USD
2023-05-25 19:35:09,974 - __main__ - INFO - Retrieving BTC-USD
2023-05-25 19:35:09,975 - __main__ - INFO - Retrieving BTC-USD
2023-05-25 19:35:09,975 - __main__ - INFO - Retrieving BTC-USD
2023-05-25 19:35:09,975 - __main__ - INFO - Retrieving BTC-USD
2023-05-25 19:35:09,975 - __main__ - INFO - Retrieving ETH-USD
2023-05-25 19:35:09,975 - __main__ - INFO - Retrieving ETH-USD
2023-05-25 19:35:09,975 - __main__ - INFO - Retrieving ETH-USD
2023-05-25 19:35:09,975 - __main__ - INFO - Retrieving ETH-USD
2023-05-25 19:35:09,975 - __main__ - INFO - Retrieving ETH-USD
2023-05-25 19:35:09,975 - __main__ - INFO - Retrieving ETH-USD
2023-05-25 19:35:09,976 - __main__ - INFO - Retrieving ETH-USD
2023-05-25 19:35:09,976 - __main__ - INFO - Retrieving ETH-USD
2023-05-25 19:35:09,976 - __main__ - INFO - Retrieving ETH-USD
2023-05-25 19:37:12,407 - __main__ - INFO - Retrieving BTC-USD
2023-05-25 19:37:12,407 - __main__ - INFO - Retrieving BTC-USD
2023-05-25 19:37:12,407 - __main__ - INFO - Retrieving BTC-USD
2023-05-25 19:37:12,408 - __main__ - INFO - Retrieving BTC-USD
2023-05-25 19:37:12,408 - __main__ - INFO - Retrieving BTC-USD
2023-05-25 19:37:12,408 - __main__ - INFO - Retrieving BTC-USD
2023-05-25 19:37:12,408 - __main__ - INFO - Retrieving BTC-USD
2023-05-25 19:37:12,408 - __main__ - INFO - Retrieving BTC-USD
2023-05-25 19:37:12,408 - __main__ - INFO - Retrieving BTC-USD
2023-05-25 19:37:12,409 - __main__ - INFO - Retrieving ETH-USD
2023-05-25 19:37:12,409 - __main__ - INFO - Retrieving ETH-USD
2023-05-25 19:37:12,409 - __main__ - INFO - Retrieving ETH-USD
2023-05-25 19:37:12,409 - __main__ - INFO - Retrieving ETH-USD
2023-05-25 19:37:12,409 - __main__ - INFO - Retrieving ETH-USD
2023-05-25 19:37:12,409 - __main__ - INFO - Retrieving ETH-USD
2023-05-25 19:37:12,409 - __main__ - INFO - Retrieving ETH-USD
2023-05-25 19:37:12,409 - __main__ - INFO - Retrieving ETH-USD
2023-05-25 19:37:12,409 - __main__ - INFO - Retrieving ETH-USD
2023-05-25 19:37:55,077 - __main__ - INFO - Retrieving BTC-USD
2023-05-25 19:37:55,077 - __main__ - INFO - Retrieving BTC-USD
2023-05-25 19:37:55,077 - __main__ - INFO - Retrieving BTC-USD
2023-05-25 19:37:55,077 - __main__ - INFO - Retrieving BTC-USD
2023-05-25 19:37:55,077 - __main__ - INFO - Retrieving BTC-USD
2023-05-25 19:37:55,077 - __main__ - INFO - Retrieving BTC-USD
2023-05-25 19:37:55,078 - __main__ - INFO - Retrieving BTC-USD
2023-05-25 19:37:55,078 - __main__ - INFO - Retrieving BTC-USD
2023-05-25 19:37:55,078 - __main__ - INFO - Retrieving BTC-USD
2023-05-25 19:37:55,078 - __main__ - INFO - Retrieving ETH-USD
2023-05-25 19:37:55,078 - __main__ - INFO - Retrieving ETH-USD
2023-05-25 19:37:55,078 - __main__ - INFO - Retrieving ETH-USD
2023-05-25 19:37:55,078 - __main__ - INFO - Retrieving ETH-USD
2023-05-25 19:37:55,078 - __main__ - INFO - Retrieving ETH-USD
2023-05-25 19:37:55,078 - __main__ - INFO - Retrieving ETH-USD
2023-05-25 19:37:55,079 - __main__ - INFO - Retrieving ETH-USD
2023-05-25 19:37:55,079 - __main__ - INFO - Retrieving ETH-USD
2023-05-25 19:37:55,079 - __main__ - INFO - Retrieving ETH-USD
2023-05-25 19:37:58,944 - __main__ - INFO - Retrieving BTC-USD
2023-05-25 19:37:58,944 - __main__ - INFO - Retrieving BTC-USD
2023-05-25 19:37:58,944 - __main__ - INFO - Retrieving BTC-USD
2023-05-25 19:37:58,944 - __main__ - INFO - Retrieving BTC-USD
2023-05-25 19:37:58,944 - __main__ - INFO - Retrieving BTC-USD
2023-05-25 19:37:58,944 - __main__ - INFO - Retrieving BTC-USD
2023-05-25 19:37:58,945 - __main__ - INFO - Retrieving BTC-USD
2023-05-25 19:37:58,945 - __main__ - INFO - Retrieving BTC-USD
2023-05-25 19:37:58,945 - __main__ - INFO - Retrieving BTC-USD
2023-05-25 19:37:58,945 - __main__ - INFO - Retrieving ETH-USD
2023-05-25 19:37:58,945 - __main__ - INFO - Retrieving ETH-USD
2023-05-25 19:37:58,945 - __main__ - INFO - Retrieving ETH-USD
2023-05-25 19:37:58,945 - __main__ - INFO - Retrieving ETH-USD
2023-05-25 19:37:58,945 - __main__ - INFO - Retrieving ETH-USD
2023-05-25 19:37:58,945 - __main__ - INFO - Retrieving ETH-USD
2023-05-25 19:37:58,946 - __main__ - INFO - Retrieving ETH-USD
2023-05-25 19:37:58,946 - __main__ - INFO - Retrieving ETH-USD
2023-05-25 19:37:58,946 - __main__ - INFO - Retrieving ETH-USD
2023-05-25 19:38:30,227 - __main__ - INFO - Retrieving BTC-USD
2023-05-25 19:38:30,227 - __main__ - INFO - Retrieving BTC-USD
2023-05-25 19:38:30,227 - __main__ - INFO - Retrieving BTC-USD
2023-05-25 19:38:30,227 - __main__ - INFO - Retrieving BTC-USD
2023-05-25 19:38:30,227 - __main__ - INFO - Retrieving BTC-USD
2023-05-25 19:38:30,227 - __main__ - INFO - Retrieving BTC-USD
2023-05-25 19:38:30,227 - __main__ - INFO - Retrieving BTC-USD
2023-05-25 19:38:30,227 - __main__ - INFO - Retrieving BTC-USD
2023-05-25 19:38:30,228 - __main__ - INFO - Retrieving BTC-USD
2023-05-25 19:38:30,228 - __main__ - INFO - Retrieving BTC-USD
2023-05-25 19:38:30,228 - __main__ - INFO - Retrieving BTC-USD
2023-05-25 19:38:30,228 - __main__ - INFO - Retrieving BTC-USD
2023-05-25 19:38:30,228 - __main__ - INFO - Retrieving ETH-USD
2023-05-25 19:38:30,228 - __main__ - INFO - Retrieving ETH-USD
2023-05-25 19:38:30,228 - __main__ - INFO - Retrieving ETH-USD
2023-05-25 19:38:30,228 - __main__ - INFO - Retrieving ETH-USD
2023-05-25 19:38:30,229 - __main__ - INFO - Retrieving ETH-USD
2023-05-25 19:38:30,229 - __main__ - INFO - Retrieving ETH-USD
2023-05-25 19:38:30,229 - __main__ - INFO - Retrieving ETH-USD
2023-05-25 19:38:30,229 - __main__ - INFO - Retrieving ETH-USD
2023-05-25 19:38:30,229 - __main__ - INFO - Retrieving ETH-USD
2023-05-25 19:38:30,229 - __main__ - INFO - Retrieving ETH-USD
2023-05-25 19:38:30,229 - __main__ - INFO - Retrieving ETH-USD
2023-05-25 19:38:30,229 - __main__ - INFO - Retrieving ETH-USD
2023-05-26 10:23:43,198 - __main__ - INFO - Retrieving B
2023-05-26 10:23:43,201 - __main__ - INFO - Retrieving B
2023-05-26 10:23:43,201 - __main__ - INFO - Retrieving B
2023-05-26 10:23:43,202 - __main__ - INFO - Retrieving B
2023-05-26 10:23:43,202 - __main__ - INFO - Retrieving T
2023-05-26 10:23:43,202 - __main__ - INFO - Retrieving T
2023-05-26 10:23:43,203 - __main__ - INFO - Retrieving T
2023-05-26 10:23:43,203 - __main__ - INFO - Retrieving T
2023-05-26 10:23:43,204 - __main__ - INFO - Retrieving C
2023-05-26 10:23:43,204 - __main__ - INFO - Retrieving C
2023-05-26 10:23:43,204 - __main__ - INFO - Retrieving C
2023-05-26 10:23:43,204 - __main__ - INFO - Retrieving C
2023-05-26 10:23:43,204 - __main__ - INFO - Retrieving -
2023-05-26 10:23:43,205 - __main__ - INFO - Retrieving -
2023-05-26 10:23:43,205 - __main__ - INFO - Retrieving -
2023-05-26 10:23:43,205 - __main__ - INFO - Retrieving -
2023-05-26 10:23:43,205 - __main__ - INFO - Retrieving U
2023-05-26 10:23:43,206 - __main__ - INFO - Retrieving U
2023-05-26 10:23:43,206 - __main__ - INFO - Retrieving U
2023-05-26 10:23:43,206 - __main__ - INFO - Retrieving U
2023-05-26 10:23:43,679 - __main__ - ERROR - Error occurred while retrieving B: 'candles'
2023-05-26 10:23:43,679 - __main__ - ERROR - Error occurred while retrieving C: 'candles'
2023-05-26 10:23:43,680 - __main__ - ERROR - Error occurred while retrieving B: 'candles'
2023-05-26 10:23:43,680 - __main__ - ERROR - Error occurred while retrieving C: 'candles'
2023-05-26 10:23:43,680 - __main__ - ERROR - Error occurred while retrieving C: 'candles'
2023-05-26 10:23:43,680 - __main__ - ERROR - Error occurred while retrieving C: 'candles'
2023-05-26 10:23:43,680 - __main__ - ERROR - Error occurred while retrieving B: 'candles'
2023-05-26 10:23:43,681 - __main__ - ERROR - Error occurred while retrieving T: 'candles'
2023-05-26 10:23:43,681 - __main__ - ERROR - Error occurred while retrieving U: 'candles'
2023-05-26 10:23:43,682 - __main__ - INFO - Retrieving S
2023-05-26 10:23:43,683 - __main__ - INFO - Retrieving S
2023-05-26 10:23:43,684 - __main__ - INFO - Retrieving S
2023-05-26 10:23:43,684 - __main__ - INFO - Retrieving S
2023-05-26 10:23:43,684 - __main__ - INFO - Retrieving D
2023-05-26 10:23:43,685 - __main__ - INFO - Retrieving D
2023-05-26 10:23:43,685 - __main__ - INFO - Retrieving D
2023-05-26 10:23:43,685 - __main__ - INFO - Retrieving D
2023-05-26 10:23:43,686 - __main__ - ERROR - Error occurred while retrieving -: 'candles'
2023-05-26 10:23:43,686 - __main__ - ERROR - Error occurred while retrieving -: 'candles'
2023-05-26 10:23:43,686 - __main__ - ERROR - Error occurred while retrieving T: 'candles'
2023-05-26 10:23:43,686 - __main__ - ERROR - Error occurred while retrieving -: 'candles'
2023-05-26 10:23:43,686 - __main__ - ERROR - Error occurred while retrieving B: 'candles'
2023-05-26 10:23:43,687 - __main__ - ERROR - Error occurred while retrieving T: 'candles'
2023-05-26 10:23:43,687 - __main__ - ERROR - Error occurred while retrieving U: 'candles'
2023-05-26 10:23:43,687 - __main__ - ERROR - Error occurred while retrieving U: 'candles'
2023-05-26 10:23:43,687 - __main__ - ERROR - Error occurred while retrieving U: 'candles'
2023-05-26 10:23:43,694 - __main__ - ERROR - Error occurred while retrieving T: 'candles'
2023-05-26 10:23:43,986 - __main__ - ERROR - Error occurred while retrieving S: 'candles'
2023-05-26 10:23:43,987 - __main__ - ERROR - Error occurred while retrieving D: 'candles'
2023-05-26 10:23:43,987 - __main__ - ERROR - Error occurred while retrieving S: 'candles'
2023-05-26 10:23:43,994 - __main__ - ERROR - Error occurred while retrieving D: 'candles'
2023-05-26 10:23:43,995 - __main__ - ERROR - Error occurred while retrieving D: 'candles'
2023-05-26 10:23:44,003 - __main__ - ERROR - Error occurred while retrieving S: 'candles'
2023-05-26 10:23:44,294 - __main__ - ERROR - Error occurred while retrieving D: 'candles'
2023-05-26 10:23:44,295 - __main__ - ERROR - Error occurred while retrieving S: 'candles'
2023-05-26 10:23:44,295 - __main__ - ERROR - Error occurred while retrieving -: 'candles'
2023-05-26 10:23:57,117 - __main__ - INFO - Retrieving BTC-USD
2023-05-26 10:33:07,940 - __main__ - INFO - Retrieving ETH-USD
2023-05-26 10:33:07,940 - __main__ - INFO - Retrieving ETH-USD
2023-05-26 10:33:07,941 - __main__ - INFO - Retrieving BTC-USD
2023-05-26 10:33:07,941 - __main__ - INFO - Retrieving BTC-USD
2023-05-26 10:34:10,200 - __main__ - INFO - Retrieving ETH-USD
2023-05-26 10:34:10,201 - __main__ - INFO - Retrieving ETH-USD
2023-05-26 10:34:10,201 - __main__ - INFO - Retrieving BTC-USD
2023-05-26 10:34:10,201 - __main__ - INFO - Retrieving BTC-USD
